2019-07-24 13:15:19,359 INFO [main] c.b.f.Launcher [StartupInfoLogger.java:50] Starting Launcher v0.0.1-SNAPSHOT on ubuntu-pc5 with PID 7087 (/home/ubuntu/Downloads/library/frontend/target/frontend-0.0.1-SNAPSHOT.jar started by ubuntu in /home/ubuntu/Downloads/library/frontend)
2019-07-24 13:15:19,361 INFO [main] c.b.f.Launcher [SpringApplication.java:650] The following profiles are active: prod
2019-07-24 13:15:19,841 INFO [main] o.s.d.r.c.RepositoryConfigurationDelegate [RepositoryConfigurationDelegate.java:126] Bootstrapping Spring Data repositories in DEFAULT mode.
2019-07-24 13:15:19,899 INFO [main] o.s.d.r.c.RepositoryConfigurationDelegate [RepositoryConfigurationDelegate.java:182] Finished Spring Data repository scanning in 54ms. Found 7 repository interfaces.
2019-07-24 13:15:20,138 INFO [main] o.s.c.s.PostProcessorRegistrationDelegate$BeanPostProcessorChecker [PostProcessorRegistrationDelegate.java:330] Bean 'org.springframework.transaction.annotation.ProxyTransactionManagementConfiguration' of type [org.springframework.transaction.annotation.ProxyTransactionManagementConfiguration$$EnhancerBySpringCGLIB$$34be3703] is not eligible for getting processed by all BeanPostProcessors (for example: not eligible for auto-proxying)
2019-07-24 13:15:20,318 INFO [main] o.s.b.w.e.t.TomcatWebServer [TomcatWebServer.java:90] Tomcat initialized with port(s): 8080 (http)
2019-07-24 13:15:20,329 INFO [main] o.a.c.h.Http11NioProtocol [DirectJDKLog.java:173] Initializing ProtocolHandler ["http-nio-8080"]
2019-07-24 13:15:20,336 INFO [main] o.a.c.c.StandardService [DirectJDKLog.java:173] Starting service [Tomcat]
2019-07-24 13:15:20,337 INFO [main] o.a.c.c.StandardEngine [DirectJDKLog.java:173] Starting Servlet engine: [Apache Tomcat/9.0.21]
2019-07-24 13:15:20,455 INFO [main] o.a.c.c.C.[.[.[/] [DirectJDKLog.java:173] Initializing Spring embedded WebApplicationContext
2019-07-24 13:15:20,456 INFO [main] o.s.w.c.ContextLoader [ServletWebServerApplicationContext.java:283] Root WebApplicationContext: initialization completed in 1070 ms
2019-07-24 13:15:20,543 INFO [main] c.z.h.HikariDataSource [HikariDataSource.java:110] HikariPool-1 - Starting...
2019-07-24 13:15:20,740 INFO [main] c.z.h.HikariDataSource [HikariDataSource.java:123] HikariPool-1 - Start completed.
2019-07-24 13:15:21,025 INFO [main] l.e.j.JdbcExecutor [Slf4jLogger.java:42] SELECT COUNT(*) FROM public.databasechangeloglock
2019-07-24 13:15:21,026 INFO [main] l.e.j.JdbcExecutor [Slf4jLogger.java:42] SELECT COUNT(*) FROM public.databasechangeloglock
2019-07-24 13:15:21,028 INFO [main] l.e.j.JdbcExecutor [Slf4jLogger.java:42] SELECT LOCKED FROM public.databasechangeloglock WHERE ID=1
2019-07-24 13:15:21,037 INFO [main] l.l.StandardLockService [Slf4jLogger.java:42] Successfully acquired change log lock
2019-07-24 13:15:21,422 INFO [main] l.e.j.JdbcExecutor [Slf4jLogger.java:42] SELECT MD5SUM FROM public.databasechangelog WHERE MD5SUM IS NOT NULL LIMIT 1
2019-07-24 13:15:21,423 INFO [main] l.e.j.JdbcExecutor [Slf4jLogger.java:42] SELECT COUNT(*) FROM public.databasechangelog
2019-07-24 13:15:21,424 INFO [main] l.c.StandardChangeLogHistoryService [Slf4jLogger.java:42] Reading from public.databasechangelog
2019-07-24 13:15:21,424 INFO [main] l.e.j.JdbcExecutor [Slf4jLogger.java:42] SELECT * FROM public.databasechangelog ORDER BY DATEEXECUTED ASC, ORDEREXECUTED ASC
2019-07-24 13:15:21,444 INFO [main] l.l.StandardLockService [Slf4jLogger.java:42] Successfully released change log lock
2019-07-24 13:15:21,444 INFO [main] c.z.h.HikariDataSource [HikariDataSource.java:350] HikariPool-1 - Shutdown initiated...
2019-07-24 13:15:21,448 INFO [main] c.z.h.HikariDataSource [HikariDataSource.java:352] HikariPool-1 - Shutdown completed.
2019-07-24 13:15:21,485 INFO [main] c.z.h.HikariDataSource [HikariDataSource.java:110] HikariPool-2 - Starting...
2019-07-24 13:15:21,493 INFO [main] c.z.h.HikariDataSource [HikariDataSource.java:123] HikariPool-2 - Start completed.
2019-07-24 13:15:21,531 INFO [main] o.h.j.i.u.LogHelper [LogHelper.java:31] HHH000204: Processing PersistenceUnitInfo [
	name: default
	...]
2019-07-24 13:15:21,580 INFO [main] o.h.Version [Version.java:46] HHH000412: Hibernate Core {5.3.10.Final}
2019-07-24 13:15:21,581 INFO [main] o.h.c.Environment [Environment.java:213] HHH000206: hibernate.properties not found
2019-07-24 13:15:21,679 INFO [main] o.h.a.c.Version [JavaReflectionManager.java:49] HCANN000001: Hibernate Commons Annotations {5.0.4.Final}
2019-07-24 13:15:21,806 INFO [main] o.h.d.Dialect [Dialect.java:157] HHH000400: Using dialect: org.hibernate.dialect.PostgreSQL95Dialect
2019-07-24 13:15:21,897 INFO [main] o.h.t.BasicTypeRegistry [BasicTypeRegistry.java:159] HHH000270: Type registration [java.util.UUID] overrides previous : org.hibernate.type.UUIDBinaryType@31198ceb
2019-07-24 13:15:22,422 INFO [main] o.s.o.j.LocalContainerEntityManagerFactoryBean [AbstractEntityManagerFactoryBean.java:415] Initialized JPA EntityManagerFactory for persistence unit 'default'
2019-07-24 13:15:22,830 INFO [main] o.s.s.w.DefaultSecurityFilterChain [DefaultSecurityFilterChain.java:43] Creating filter chain: Ant [pattern='/resources/**'], []
2019-07-24 13:15:22,830 INFO [main] o.s.s.w.DefaultSecurityFilterChain [DefaultSecurityFilterChain.java:43] Creating filter chain: Ant [pattern='/static/**'], []
2019-07-24 13:15:22,830 INFO [main] o.s.s.w.DefaultSecurityFilterChain [DefaultSecurityFilterChain.java:43] Creating filter chain: Ant [pattern='/css/**'], []
2019-07-24 13:15:22,831 INFO [main] o.s.s.w.DefaultSecurityFilterChain [DefaultSecurityFilterChain.java:43] Creating filter chain: Ant [pattern='/js/**'], []
2019-07-24 13:15:22,831 INFO [main] o.s.s.w.DefaultSecurityFilterChain [DefaultSecurityFilterChain.java:43] Creating filter chain: Ant [pattern='/images/**'], []
2019-07-24 13:15:22,831 INFO [main] o.s.s.w.DefaultSecurityFilterChain [DefaultSecurityFilterChain.java:43] Creating filter chain: Ant [pattern='/console/**'], []
2019-07-24 13:15:22,831 INFO [main] o.s.s.w.DefaultSecurityFilterChain [DefaultSecurityFilterChain.java:43] Creating filter chain: Ant [pattern='/resources/**'], []
2019-07-24 13:15:22,831 INFO [main] o.s.s.w.DefaultSecurityFilterChain [DefaultSecurityFilterChain.java:43] Creating filter chain: Ant [pattern='/static/**'], []
2019-07-24 13:15:22,831 INFO [main] o.s.s.w.DefaultSecurityFilterChain [DefaultSecurityFilterChain.java:43] Creating filter chain: Ant [pattern='/css/**'], []
2019-07-24 13:15:22,831 INFO [main] o.s.s.w.DefaultSecurityFilterChain [DefaultSecurityFilterChain.java:43] Creating filter chain: Ant [pattern='/js/**'], []
2019-07-24 13:15:22,831 INFO [main] o.s.s.w.DefaultSecurityFilterChain [DefaultSecurityFilterChain.java:43] Creating filter chain: Ant [pattern='/images/**'], []
2019-07-24 13:15:22,831 INFO [main] o.s.s.w.DefaultSecurityFilterChain [DefaultSecurityFilterChain.java:43] Creating filter chain: Ant [pattern='/console/**'], []
2019-07-24 13:15:22,849 INFO [main] o.s.s.w.DefaultSecurityFilterChain [DefaultSecurityFilterChain.java:43] Creating filter chain: Ant [pattern='/api/**'], [org.springframework.security.web.context.request.async.WebAsyncManagerIntegrationFilter@5b4d25e7, org.springframework.security.web.context.SecurityContextPersistenceFilter@597f48df, org.springframework.security.web.header.HeaderWriterFilter@4f8b4bd0, org.springframework.security.web.authentication.logout.LogoutFilter@9d1a267, org.springframework.security.web.authentication.www.BasicAuthenticationFilter@314ed053, org.springframework.security.web.savedrequest.RequestCacheAwareFilter@4d48bd85, org.springframework.security.web.servletapi.SecurityContextHolderAwareRequestFilter@27d57a2c, org.springframework.security.web.authentication.AnonymousAuthenticationFilter@31c2affc, org.springframework.security.web.session.SessionManagementFilter@b18c4, org.springframework.security.web.access.ExceptionTranslationFilter@108bdbd8, org.springframework.security.web.access.intercept.FilterSecurityInterceptor@834831b]
2019-07-24 13:15:22,855 INFO [main] o.s.s.w.DefaultSecurityFilterChain [DefaultSecurityFilterChain.java:43] Creating filter chain: any request, [org.springframework.security.web.context.request.async.WebAsyncManagerIntegrationFilter@1b29d52b, org.springframework.security.web.context.SecurityContextPersistenceFilter@369c9bb, org.springframework.security.web.header.HeaderWriterFilter@44de0113, org.springframework.security.web.authentication.logout.LogoutFilter@68dcfd52, org.springframework.security.web.authentication.UsernamePasswordAuthenticationFilter@4e92466a, org.springframework.security.web.savedrequest.RequestCacheAwareFilter@76d05cc9, org.springframework.security.web.servletapi.SecurityContextHolderAwareRequestFilter@42b21d99, org.springframework.security.web.authentication.AnonymousAuthenticationFilter@47547132, org.springframework.security.web.session.SessionManagementFilter@236134a1, org.springframework.security.web.access.ExceptionTranslationFilter@46866946, org.springframework.security.web.access.intercept.FilterSecurityInterceptor@3047254d]
2019-07-24 13:15:22,953 INFO [main] o.s.s.c.ThreadPoolTaskExecutor [ExecutorConfigurationSupport.java:171] Initializing ExecutorService 'applicationTaskExecutor'
2019-07-24 13:15:22,993 WARN [main] o.s.b.a.o.j.JpaBaseConfiguration$JpaWebConfiguration$JpaWebMvcConfiguration [JpaBaseConfiguration.java:225] spring.jpa.open-in-view is enabled by default. Therefore, database queries may be performed during view rendering. Explicitly configure spring.jpa.open-in-view to disable this warning
2019-07-24 13:15:23,055 WARN [main] o.t.t.TemplateMode [TemplateMode.java:150] [THYMELEAF][main] Template Mode 'LEGACYHTML5' is deprecated. Using Template Mode 'HTML' instead.
2019-07-24 13:15:23,077 INFO [main] o.s.b.a.w.s.WelcomePageHandlerMapping [WelcomePageHandlerMapping.java:58] Adding welcome page template: index
2019-07-24 13:15:23,156 INFO [main] o.a.c.h.Http11NioProtocol [DirectJDKLog.java:173] Starting ProtocolHandler ["http-nio-8080"]
2019-07-24 13:15:23,168 INFO [main] o.s.b.w.e.t.TomcatWebServer [TomcatWebServer.java:202] Tomcat started on port(s): 8080 (http) with context path ''
2019-07-24 13:15:23,170 INFO [main] c.b.f.Launcher [StartupInfoLogger.java:59] Started Launcher in 4.145 seconds (JVM running for 4.397)
2019-07-24 13:15:28,472 INFO [Thread-7] o.s.s.c.ThreadPoolTaskExecutor [ExecutorConfigurationSupport.java:208] Shutting down ExecutorService 'applicationTaskExecutor'
2019-07-24 13:15:28,474 INFO [Thread-7] o.s.o.j.LocalContainerEntityManagerFactoryBean [AbstractEntityManagerFactoryBean.java:597] Closing JPA EntityManagerFactory for persistence unit 'default'
2019-07-24 13:15:28,476 INFO [Thread-7] c.z.h.HikariDataSource [HikariDataSource.java:350] HikariPool-2 - Shutdown initiated...
2019-07-24 13:15:28,477 INFO [Thread-7] c.z.h.HikariDataSource [HikariDataSource.java:352] HikariPool-2 - Shutdown completed.
